                                      1 ;--------------------------------------------------------
                                      2 ; File Created by SDCC : free open source ISO C Compiler 
                                      3 ; Version 4.4.0 #14620 (MINGW32)
                                      4 ;--------------------------------------------------------
                                      5 	.module stm8s_clk
                                      6 	.optsdcc -mstm8
                                      7 	
                                      8 ;--------------------------------------------------------
                                      9 ; Public variables in this module
                                     10 ;--------------------------------------------------------
                                     11 	.globl _CLKPrescTable
                                     12 	.globl _HSIDivExp
                                     13 	.globl _CLK_DeInit
                                     14 	.globl _CLK_FastHaltWakeUpCmd
                                     15 	.globl _CLK_HSECmd
                                     16 	.globl _CLK_HSICmd
                                     17 	.globl _CLK_LSICmd
                                     18 	.globl _CLK_CCOCmd
                                     19 	.globl _CLK_ClockSwitchCmd
                                     20 	.globl _CLK_SlowActiveHaltWakeUpCmd
                                     21 	.globl _CLK_PeripheralClockConfig
                                     22 	.globl _CLK_ClockSwitchConfig
                                     23 	.globl _CLK_HSIPrescalerConfig
                                     24 	.globl _CLK_CCOConfig
                                     25 	.globl _CLK_ITConfig
                                     26 	.globl _CLK_SYSCLKConfig
                                     27 	.globl _CLK_SWIMConfig
                                     28 	.globl _CLK_ClockSecuritySystemEnable
                                     29 	.globl _CLK_GetSYSCLKSource
                                     30 	.globl _CLK_GetClockFreq
                                     31 	.globl _CLK_AdjustHSICalibrationValue
                                     32 	.globl _CLK_SYSCLKEmergencyClear
                                     33 	.globl _CLK_GetFlagStatus
                                     34 	.globl _CLK_GetITStatus
                                     35 	.globl _CLK_ClearITPendingBit
                                     36 ;--------------------------------------------------------
                                     37 ; ram data
                                     38 ;--------------------------------------------------------
                                     39 	.area DATA
                                     40 ;--------------------------------------------------------
                                     41 ; ram data
                                     42 ;--------------------------------------------------------
                                     43 	.area INITIALIZED
                                     44 ;--------------------------------------------------------
                                     45 ; absolute external ram data
                                     46 ;--------------------------------------------------------
                                     47 	.area DABS (ABS)
                                     48 
                                     49 ; default segment ordering for linker
                                     50 	.area HOME
                                     51 	.area GSINIT
                                     52 	.area GSFINAL
                                     53 	.area CONST
                                     54 	.area INITIALIZER
                                     55 	.area CODE
                                     56 
                                     57 ;--------------------------------------------------------
                                     58 ; global & static initialisations
                                     59 ;--------------------------------------------------------
                                     60 	.area HOME
                                     61 	.area GSINIT
                                     62 	.area GSFINAL
                                     63 	.area GSINIT
                                     64 ;--------------------------------------------------------
                                     65 ; Home
                                     66 ;--------------------------------------------------------
                                     67 	.area HOME
                                     68 	.area HOME
                                     69 ;--------------------------------------------------------
                                     70 ; code
                                     71 ;--------------------------------------------------------
                                     72 	.area CODE
                                     73 ;	./../../lib/src/stm8s_clk.c: 72: void CLK_DeInit(void)
                                     74 ;	-----------------------------------------
                                     75 ;	 function CLK_DeInit
                                     76 ;	-----------------------------------------
      000000                         77 _CLK_DeInit:
                                     78 ;	./../../lib/src/stm8s_clk.c: 74: CLK->ICKR = CLK_ICKR_RESET_VALUE;
      000000 35 01 50 C0      [ 1]   79 	mov	0x50c0+0, #0x01
                                     80 ;	./../../lib/src/stm8s_clk.c: 75: CLK->ECKR = CLK_ECKR_RESET_VALUE;
      000004 35 00 50 C1      [ 1]   81 	mov	0x50c1+0, #0x00
                                     82 ;	./../../lib/src/stm8s_clk.c: 76: CLK->SWR  = CLK_SWR_RESET_VALUE;
      000008 35 E1 50 C4      [ 1]   83 	mov	0x50c4+0, #0xe1
                                     84 ;	./../../lib/src/stm8s_clk.c: 77: CLK->SWCR = CLK_SWCR_RESET_VALUE;
      00000C 35 00 50 C5      [ 1]   85 	mov	0x50c5+0, #0x00
                                     86 ;	./../../lib/src/stm8s_clk.c: 78: CLK->CKDIVR = CLK_CKDIVR_RESET_VALUE;
      000010 35 18 50 C6      [ 1]   87 	mov	0x50c6+0, #0x18
                                     88 ;	./../../lib/src/stm8s_clk.c: 79: CLK->PCKENR1 = CLK_PCKENR1_RESET_VALUE;
      000014 35 FF 50 C7      [ 1]   89 	mov	0x50c7+0, #0xff
                                     90 ;	./../../lib/src/stm8s_clk.c: 80: CLK->PCKENR2 = CLK_PCKENR2_RESET_VALUE;
      000018 35 FF 50 CA      [ 1]   91 	mov	0x50ca+0, #0xff
                                     92 ;	./../../lib/src/stm8s_clk.c: 81: CLK->CSSR = CLK_CSSR_RESET_VALUE;
      00001C 35 00 50 C8      [ 1]   93 	mov	0x50c8+0, #0x00
                                     94 ;	./../../lib/src/stm8s_clk.c: 82: CLK->CCOR = CLK_CCOR_RESET_VALUE;
      000020 35 00 50 C9      [ 1]   95 	mov	0x50c9+0, #0x00
                                     96 ;	./../../lib/src/stm8s_clk.c: 83: while ((CLK->CCOR & CLK_CCOR_CCOEN)!= 0)
      000024                         97 00101$:
      000024 72 00 50 C9 FB   [ 2]   98 	btjt	0x50c9, #0, 00101$
                                     99 ;	./../../lib/src/stm8s_clk.c: 85: CLK->CCOR = CLK_CCOR_RESET_VALUE;
      000029 35 00 50 C9      [ 1]  100 	mov	0x50c9+0, #0x00
                                    101 ;	./../../lib/src/stm8s_clk.c: 86: CLK->HSITRIMR = CLK_HSITRIMR_RESET_VALUE;
      00002D 35 00 50 CC      [ 1]  102 	mov	0x50cc+0, #0x00
                                    103 ;	./../../lib/src/stm8s_clk.c: 87: CLK->SWIMCCR = CLK_SWIMCCR_RESET_VALUE;
      000031 35 00 50 CD      [ 1]  104 	mov	0x50cd+0, #0x00
                                    105 ;	./../../lib/src/stm8s_clk.c: 88: }
      000035 81               [ 4]  106 	ret
                                    107 ;	./../../lib/src/stm8s_clk.c: 99: void CLK_FastHaltWakeUpCmd(FunctionalState NewState)
                                    108 ;	-----------------------------------------
                                    109 ;	 function CLK_FastHaltWakeUpCmd
                                    110 ;	-----------------------------------------
      000036                        111 _CLK_FastHaltWakeUpCmd:
      000036 88               [ 1]  112 	push	a
      000037 6B 01            [ 1]  113 	ld	(0x01, sp), a
                                    114 ;	./../../lib/src/stm8s_clk.c: 107: CLK->ICKR |= CLK_ICKR_FHWU;
      000039 C6 50 C0         [ 1]  115 	ld	a, 0x50c0
                                    116 ;	./../../lib/src/stm8s_clk.c: 104: if (NewState != DISABLE)
      00003C 0D 01            [ 1]  117 	tnz	(0x01, sp)
      00003E 27 07            [ 1]  118 	jreq	00102$
                                    119 ;	./../../lib/src/stm8s_clk.c: 107: CLK->ICKR |= CLK_ICKR_FHWU;
      000040 AA 04            [ 1]  120 	or	a, #0x04
      000042 C7 50 C0         [ 1]  121 	ld	0x50c0, a
      000045 20 05            [ 2]  122 	jra	00104$
      000047                        123 00102$:
                                    124 ;	./../../lib/src/stm8s_clk.c: 112: CLK->ICKR &= (uint8_t)(~CLK_ICKR_FHWU);
      000047 A4 FB            [ 1]  125 	and	a, #0xfb
      000049 C7 50 C0         [ 1]  126 	ld	0x50c0, a
      00004C                        127 00104$:
                                    128 ;	./../../lib/src/stm8s_clk.c: 114: }
      00004C 84               [ 1]  129 	pop	a
      00004D 81               [ 4]  130 	ret
                                    131 ;	./../../lib/src/stm8s_clk.c: 121: void CLK_HSECmd(FunctionalState NewState)
                                    132 ;	-----------------------------------------
                                    133 ;	 function CLK_HSECmd
                                    134 ;	-----------------------------------------
      00004E                        135 _CLK_HSECmd:
      00004E 88               [ 1]  136 	push	a
      00004F 6B 01            [ 1]  137 	ld	(0x01, sp), a
                                    138 ;	./../../lib/src/stm8s_clk.c: 129: CLK->ECKR |= CLK_ECKR_HSEEN;
      000051 C6 50 C1         [ 1]  139 	ld	a, 0x50c1
                                    140 ;	./../../lib/src/stm8s_clk.c: 126: if (NewState != DISABLE)
      000054 0D 01            [ 1]  141 	tnz	(0x01, sp)
      000056 27 07            [ 1]  142 	jreq	00102$
                                    143 ;	./../../lib/src/stm8s_clk.c: 129: CLK->ECKR |= CLK_ECKR_HSEEN;
      000058 AA 01            [ 1]  144 	or	a, #0x01
      00005A C7 50 C1         [ 1]  145 	ld	0x50c1, a
      00005D 20 05            [ 2]  146 	jra	00104$
      00005F                        147 00102$:
                                    148 ;	./../../lib/src/stm8s_clk.c: 134: CLK->ECKR &= (uint8_t)(~CLK_ECKR_HSEEN);
      00005F A4 FE            [ 1]  149 	and	a, #0xfe
      000061 C7 50 C1         [ 1]  150 	ld	0x50c1, a
      000064                        151 00104$:
                                    152 ;	./../../lib/src/stm8s_clk.c: 136: }
      000064 84               [ 1]  153 	pop	a
      000065 81               [ 4]  154 	ret
                                    155 ;	./../../lib/src/stm8s_clk.c: 143: void CLK_HSICmd(FunctionalState NewState)
                                    156 ;	-----------------------------------------
                                    157 ;	 function CLK_HSICmd
                                    158 ;	-----------------------------------------
      000066                        159 _CLK_HSICmd:
      000066 88               [ 1]  160 	push	a
      000067 6B 01            [ 1]  161 	ld	(0x01, sp), a
                                    162 ;	./../../lib/src/stm8s_clk.c: 151: CLK->ICKR |= CLK_ICKR_HSIEN;
      000069 C6 50 C0         [ 1]  163 	ld	a, 0x50c0
                                    164 ;	./../../lib/src/stm8s_clk.c: 148: if (NewState != DISABLE)
      00006C 0D 01            [ 1]  165 	tnz	(0x01, sp)
      00006E 27 07            [ 1]  166 	jreq	00102$
                                    167 ;	./../../lib/src/stm8s_clk.c: 151: CLK->ICKR |= CLK_ICKR_HSIEN;
      000070 AA 01            [ 1]  168 	or	a, #0x01
      000072 C7 50 C0         [ 1]  169 	ld	0x50c0, a
      000075 20 05            [ 2]  170 	jra	00104$
      000077                        171 00102$:
                                    172 ;	./../../lib/src/stm8s_clk.c: 156: CLK->ICKR &= (uint8_t)(~CLK_ICKR_HSIEN);
      000077 A4 FE            [ 1]  173 	and	a, #0xfe
      000079 C7 50 C0         [ 1]  174 	ld	0x50c0, a
      00007C                        175 00104$:
                                    176 ;	./../../lib/src/stm8s_clk.c: 158: }
      00007C 84               [ 1]  177 	pop	a
      00007D 81               [ 4]  178 	ret
                                    179 ;	./../../lib/src/stm8s_clk.c: 166: void CLK_LSICmd(FunctionalState NewState)
                                    180 ;	-----------------------------------------
                                    181 ;	 function CLK_LSICmd
                                    182 ;	-----------------------------------------
      00007E                        183 _CLK_LSICmd:
      00007E 88               [ 1]  184 	push	a
      00007F 6B 01            [ 1]  185 	ld	(0x01, sp), a
                                    186 ;	./../../lib/src/stm8s_clk.c: 174: CLK->ICKR |= CLK_ICKR_LSIEN;
      000081 C6 50 C0         [ 1]  187 	ld	a, 0x50c0
                                    188 ;	./../../lib/src/stm8s_clk.c: 171: if (NewState != DISABLE)
      000084 0D 01            [ 1]  189 	tnz	(0x01, sp)
      000086 27 07            [ 1]  190 	jreq	00102$
                                    191 ;	./../../lib/src/stm8s_clk.c: 174: CLK->ICKR |= CLK_ICKR_LSIEN;
      000088 AA 08            [ 1]  192 	or	a, #0x08
      00008A C7 50 C0         [ 1]  193 	ld	0x50c0, a
      00008D 20 05            [ 2]  194 	jra	00104$
      00008F                        195 00102$:
                                    196 ;	./../../lib/src/stm8s_clk.c: 179: CLK->ICKR &= (uint8_t)(~CLK_ICKR_LSIEN);
      00008F A4 F7            [ 1]  197 	and	a, #0xf7
      000091 C7 50 C0         [ 1]  198 	ld	0x50c0, a
      000094                        199 00104$:
                                    200 ;	./../../lib/src/stm8s_clk.c: 181: }
      000094 84               [ 1]  201 	pop	a
      000095 81               [ 4]  202 	ret
                                    203 ;	./../../lib/src/stm8s_clk.c: 189: void CLK_CCOCmd(FunctionalState NewState)
                                    204 ;	-----------------------------------------
                                    205 ;	 function CLK_CCOCmd
                                    206 ;	-----------------------------------------
      000096                        207 _CLK_CCOCmd:
      000096 88               [ 1]  208 	push	a
      000097 6B 01            [ 1]  209 	ld	(0x01, sp), a
                                    210 ;	./../../lib/src/stm8s_clk.c: 197: CLK->CCOR |= CLK_CCOR_CCOEN;
      000099 C6 50 C9         [ 1]  211 	ld	a, 0x50c9
                                    212 ;	./../../lib/src/stm8s_clk.c: 194: if (NewState != DISABLE)
      00009C 0D 01            [ 1]  213 	tnz	(0x01, sp)
      00009E 27 07            [ 1]  214 	jreq	00102$
                                    215 ;	./../../lib/src/stm8s_clk.c: 197: CLK->CCOR |= CLK_CCOR_CCOEN;
      0000A0 AA 01            [ 1]  216 	or	a, #0x01
      0000A2 C7 50 C9         [ 1]  217 	ld	0x50c9, a
      0000A5 20 05            [ 2]  218 	jra	00104$
      0000A7                        219 00102$:
                                    220 ;	./../../lib/src/stm8s_clk.c: 202: CLK->CCOR &= (uint8_t)(~CLK_CCOR_CCOEN);
      0000A7 A4 FE            [ 1]  221 	and	a, #0xfe
      0000A9 C7 50 C9         [ 1]  222 	ld	0x50c9, a
      0000AC                        223 00104$:
                                    224 ;	./../../lib/src/stm8s_clk.c: 204: }
      0000AC 84               [ 1]  225 	pop	a
      0000AD 81               [ 4]  226 	ret
                                    227 ;	./../../lib/src/stm8s_clk.c: 213: void CLK_ClockSwitchCmd(FunctionalState NewState)
                                    228 ;	-----------------------------------------
                                    229 ;	 function CLK_ClockSwitchCmd
                                    230 ;	-----------------------------------------
      0000AE                        231 _CLK_ClockSwitchCmd:
      0000AE 88               [ 1]  232 	push	a
      0000AF 6B 01            [ 1]  233 	ld	(0x01, sp), a
                                    234 ;	./../../lib/src/stm8s_clk.c: 221: CLK->SWCR |= CLK_SWCR_SWEN;
      0000B1 C6 50 C5         [ 1]  235 	ld	a, 0x50c5
                                    236 ;	./../../lib/src/stm8s_clk.c: 218: if (NewState != DISABLE )
      0000B4 0D 01            [ 1]  237 	tnz	(0x01, sp)
      0000B6 27 07            [ 1]  238 	jreq	00102$
                                    239 ;	./../../lib/src/stm8s_clk.c: 221: CLK->SWCR |= CLK_SWCR_SWEN;
      0000B8 AA 02            [ 1]  240 	or	a, #0x02
      0000BA C7 50 C5         [ 1]  241 	ld	0x50c5, a
      0000BD 20 05            [ 2]  242 	jra	00104$
      0000BF                        243 00102$:
                                    244 ;	./../../lib/src/stm8s_clk.c: 226: CLK->SWCR &= (uint8_t)(~CLK_SWCR_SWEN);
      0000BF A4 FD            [ 1]  245 	and	a, #0xfd
      0000C1 C7 50 C5         [ 1]  246 	ld	0x50c5, a
      0000C4                        247 00104$:
                                    248 ;	./../../lib/src/stm8s_clk.c: 228: }
      0000C4 84               [ 1]  249 	pop	a
      0000C5 81               [ 4]  250 	ret
                                    251 ;	./../../lib/src/stm8s_clk.c: 238: void CLK_SlowActiveHaltWakeUpCmd(FunctionalState NewState)
                                    252 ;	-----------------------------------------
                                    253 ;	 function CLK_SlowActiveHaltWakeUpCmd
                                    254 ;	-----------------------------------------
      0000C6                        255 _CLK_SlowActiveHaltWakeUpCmd:
      0000C6 88               [ 1]  256 	push	a
      0000C7 6B 01            [ 1]  257 	ld	(0x01, sp), a
                                    258 ;	./../../lib/src/stm8s_clk.c: 246: CLK->ICKR |= CLK_ICKR_SWUAH;
      0000C9 C6 50 C0         [ 1]  259 	ld	a, 0x50c0
                                    260 ;	./../../lib/src/stm8s_clk.c: 243: if (NewState != DISABLE)
      0000CC 0D 01            [ 1]  261 	tnz	(0x01, sp)
      0000CE 27 07            [ 1]  262 	jreq	00102$
                                    263 ;	./../../lib/src/stm8s_clk.c: 246: CLK->ICKR |= CLK_ICKR_SWUAH;
      0000D0 AA 20            [ 1]  264 	or	a, #0x20
      0000D2 C7 50 C0         [ 1]  265 	ld	0x50c0, a
      0000D5 20 05            [ 2]  266 	jra	00104$
      0000D7                        267 00102$:
                                    268 ;	./../../lib/src/stm8s_clk.c: 251: CLK->ICKR &= (uint8_t)(~CLK_ICKR_SWUAH);
      0000D7 A4 DF            [ 1]  269 	and	a, #0xdf
      0000D9 C7 50 C0         [ 1]  270 	ld	0x50c0, a
      0000DC                        271 00104$:
                                    272 ;	./../../lib/src/stm8s_clk.c: 253: }
      0000DC 84               [ 1]  273 	pop	a
      0000DD 81               [ 4]  274 	ret
                                    275 ;	./../../lib/src/stm8s_clk.c: 263: void CLK_PeripheralClockConfig(CLK_Peripheral_TypeDef CLK_Peripheral, FunctionalState NewState)
                                    276 ;	-----------------------------------------
                                    277 ;	 function CLK_PeripheralClockConfig
                                    278 ;	-----------------------------------------
      0000DE                        279 _CLK_PeripheralClockConfig:
      0000DE 52 02            [ 2]  280 	sub	sp, #2
                                    281 ;	./../../lib/src/stm8s_clk.c: 274: CLK->PCKENR1 |= (uint8_t)((uint8_t)1 << ((uint8_t)CLK_Peripheral & (uint8_t)0x0F));
      0000E0 97               [ 1]  282 	ld	xl, a
      0000E1 A4 0F            [ 1]  283 	and	a, #0x0f
      0000E3 88               [ 1]  284 	push	a
      0000E4 A6 01            [ 1]  285 	ld	a, #0x01
      0000E6 6B 02            [ 1]  286 	ld	(0x02, sp), a
      0000E8 84               [ 1]  287 	pop	a
      0000E9 4D               [ 1]  288 	tnz	a
      0000EA 27 05            [ 1]  289 	jreq	00134$
      0000EC                        290 00133$:
      0000EC 08 01            [ 1]  291 	sll	(0x01, sp)
      0000EE 4A               [ 1]  292 	dec	a
      0000EF 26 FB            [ 1]  293 	jrne	00133$
      0000F1                        294 00134$:
                                    295 ;	./../../lib/src/stm8s_clk.c: 279: CLK->PCKENR1 &= (uint8_t)(~(uint8_t)(((uint8_t)1 << ((uint8_t)CLK_Peripheral & (uint8_t)0x0F))));
      0000F1 7B 01            [ 1]  296 	ld	a, (0x01, sp)
      0000F3 43               [ 1]  297 	cpl	a
      0000F4 6B 02            [ 1]  298 	ld	(0x02, sp), a
                                    299 ;	./../../lib/src/stm8s_clk.c: 269: if (((uint8_t)CLK_Peripheral & (uint8_t)0x10) == 0x00)
      0000F6 9F               [ 1]  300 	ld	a, xl
      0000F7 A5 10            [ 1]  301 	bcp	a, #0x10
      0000F9 26 15            [ 1]  302 	jrne	00108$
                                    303 ;	./../../lib/src/stm8s_clk.c: 274: CLK->PCKENR1 |= (uint8_t)((uint8_t)1 << ((uint8_t)CLK_Peripheral & (uint8_t)0x0F));
      0000FB C6 50 C7         [ 1]  304 	ld	a, 0x50c7
                                    305 ;	./../../lib/src/stm8s_clk.c: 271: if (NewState != DISABLE)
      0000FE 0D 05            [ 1]  306 	tnz	(0x05, sp)
      000100 27 07            [ 1]  307 	jreq	00102$
                                    308 ;	./../../lib/src/stm8s_clk.c: 274: CLK->PCKENR1 |= (uint8_t)((uint8_t)1 << ((uint8_t)CLK_Peripheral & (uint8_t)0x0F));
      000102 1A 01            [ 1]  309 	or	a, (0x01, sp)
      000104 C7 50 C7         [ 1]  310 	ld	0x50c7, a
      000107 20 1A            [ 2]  311 	jra	00110$
      000109                        312 00102$:
                                    313 ;	./../../lib/src/stm8s_clk.c: 279: CLK->PCKENR1 &= (uint8_t)(~(uint8_t)(((uint8_t)1 << ((uint8_t)CLK_Peripheral & (uint8_t)0x0F))));
      000109 14 02            [ 1]  314 	and	a, (0x02, sp)
      00010B C7 50 C7         [ 1]  315 	ld	0x50c7, a
      00010E 20 13            [ 2]  316 	jra	00110$
      000110                        317 00108$:
                                    318 ;	./../../lib/src/stm8s_clk.c: 287: CLK->PCKENR2 |= (uint8_t)((uint8_t)1 << ((uint8_t)CLK_Peripheral & (uint8_t)0x0F));
      000110 C6 50 CA         [ 1]  319 	ld	a, 0x50ca
                                    320 ;	./../../lib/src/stm8s_clk.c: 284: if (NewState != DISABLE)
      000113 0D 05            [ 1]  321 	tnz	(0x05, sp)
      000115 27 07            [ 1]  322 	jreq	00105$
                                    323 ;	./../../lib/src/stm8s_clk.c: 287: CLK->PCKENR2 |= (uint8_t)((uint8_t)1 << ((uint8_t)CLK_Peripheral & (uint8_t)0x0F));
      000117 1A 01            [ 1]  324 	or	a, (0x01, sp)
      000119 C7 50 CA         [ 1]  325 	ld	0x50ca, a
      00011C 20 05            [ 2]  326 	jra	00110$
      00011E                        327 00105$:
                                    328 ;	./../../lib/src/stm8s_clk.c: 292: CLK->PCKENR2 &= (uint8_t)(~(uint8_t)(((uint8_t)1 << ((uint8_t)CLK_Peripheral & (uint8_t)0x0F))));
      00011E 14 02            [ 1]  329 	and	a, (0x02, sp)
      000120 C7 50 CA         [ 1]  330 	ld	0x50ca, a
      000123                        331 00110$:
                                    332 ;	./../../lib/src/stm8s_clk.c: 295: }
      000123 5B 02            [ 2]  333 	addw	sp, #2
      000125 85               [ 2]  334 	popw	x
      000126 84               [ 1]  335 	pop	a
      000127 FC               [ 2]  336 	jp	(x)
                                    337 ;	./../../lib/src/stm8s_clk.c: 309: ErrorStatus CLK_ClockSwitchConfig(CLK_SwitchMode_TypeDef CLK_SwitchMode, CLK_Source_TypeDef CLK_NewClock, FunctionalState ITState, CLK_CurrentClockState_TypeDef CLK_CurrentClockState)
                                    338 ;	-----------------------------------------
                                    339 ;	 function CLK_ClockSwitchConfig
                                    340 ;	-----------------------------------------
      000128                        341 _CLK_ClockSwitchConfig:
      000128 88               [ 1]  342 	push	a
      000129 6B 01            [ 1]  343 	ld	(0x01, sp), a
                                    344 ;	./../../lib/src/stm8s_clk.c: 322: clock_master = (CLK_Source_TypeDef)CLK->CMSR;
      00012B C6 50 C3         [ 1]  345 	ld	a, 0x50c3
      00012E 90 97            [ 1]  346 	ld	yl, a
                                    347 ;	./../../lib/src/stm8s_clk.c: 328: CLK->SWCR |= CLK_SWCR_SWEN;
      000130 C6 50 C5         [ 1]  348 	ld	a, 0x50c5
                                    349 ;	./../../lib/src/stm8s_clk.c: 325: if (CLK_SwitchMode == CLK_SWITCHMODE_AUTO)
      000133 0D 01            [ 1]  350 	tnz	(0x01, sp)
      000135 27 36            [ 1]  351 	jreq	00122$
                                    352 ;	./../../lib/src/stm8s_clk.c: 328: CLK->SWCR |= CLK_SWCR_SWEN;
      000137 AA 02            [ 1]  353 	or	a, #0x02
      000139 C7 50 C5         [ 1]  354 	ld	0x50c5, a
      00013C C6 50 C5         [ 1]  355 	ld	a, 0x50c5
                                    356 ;	./../../lib/src/stm8s_clk.c: 331: if (ITState != DISABLE)
      00013F 0D 05            [ 1]  357 	tnz	(0x05, sp)
      000141 27 07            [ 1]  358 	jreq	00102$
                                    359 ;	./../../lib/src/stm8s_clk.c: 333: CLK->SWCR |= CLK_SWCR_SWIEN;
      000143 AA 04            [ 1]  360 	or	a, #0x04
      000145 C7 50 C5         [ 1]  361 	ld	0x50c5, a
      000148 20 05            [ 2]  362 	jra	00103$
      00014A                        363 00102$:
                                    364 ;	./../../lib/src/stm8s_clk.c: 337: CLK->SWCR &= (uint8_t)(~CLK_SWCR_SWIEN);
      00014A A4 FB            [ 1]  365 	and	a, #0xfb
      00014C C7 50 C5         [ 1]  366 	ld	0x50c5, a
      00014F                        367 00103$:
                                    368 ;	./../../lib/src/stm8s_clk.c: 341: CLK->SWR = (uint8_t)CLK_NewClock;
      00014F AE 50 C4         [ 2]  369 	ldw	x, #0x50c4
      000152 7B 04            [ 1]  370 	ld	a, (0x04, sp)
      000154 F7               [ 1]  371 	ld	(x), a
                                    372 ;	./../../lib/src/stm8s_clk.c: 344: while((((CLK->SWCR & CLK_SWCR_SWBSY) != 0 )&& (DownCounter != 0)))
      000155 5F               [ 1]  373 	clrw	x
      000156 5A               [ 2]  374 	decw	x
      000157                        375 00105$:
      000157 72 01 50 C5 06   [ 2]  376 	btjf	0x50c5, #0, 00107$
      00015C 5D               [ 2]  377 	tnzw	x
      00015D 27 03            [ 1]  378 	jreq	00107$
                                    379 ;	./../../lib/src/stm8s_clk.c: 346: DownCounter--;
      00015F 5A               [ 2]  380 	decw	x
      000160 20 F5            [ 2]  381 	jra	00105$
      000162                        382 00107$:
                                    383 ;	./../../lib/src/stm8s_clk.c: 349: if(DownCounter != 0)
      000162 5D               [ 2]  384 	tnzw	x
      000163 27 05            [ 1]  385 	jreq	00109$
                                    386 ;	./../../lib/src/stm8s_clk.c: 351: Swif = SUCCESS;
      000165 A6 01            [ 1]  387 	ld	a, #0x01
      000167 97               [ 1]  388 	ld	xl, a
      000168 20 32            [ 2]  389 	jra	00123$
      00016A                        390 00109$:
                                    391 ;	./../../lib/src/stm8s_clk.c: 355: Swif = ERROR;
      00016A 5F               [ 1]  392 	clrw	x
      00016B 20 2F            [ 2]  393 	jra	00123$
      00016D                        394 00122$:
                                    395 ;	./../../lib/src/stm8s_clk.c: 361: if (ITState != DISABLE)
      00016D 0D 05            [ 1]  396 	tnz	(0x05, sp)
      00016F 27 07            [ 1]  397 	jreq	00112$
                                    398 ;	./../../lib/src/stm8s_clk.c: 363: CLK->SWCR |= CLK_SWCR_SWIEN;
      000171 AA 04            [ 1]  399 	or	a, #0x04
      000173 C7 50 C5         [ 1]  400 	ld	0x50c5, a
      000176 20 05            [ 2]  401 	jra	00113$
      000178                        402 00112$:
                                    403 ;	./../../lib/src/stm8s_clk.c: 367: CLK->SWCR &= (uint8_t)(~CLK_SWCR_SWIEN);
      000178 A4 FB            [ 1]  404 	and	a, #0xfb
      00017A C7 50 C5         [ 1]  405 	ld	0x50c5, a
      00017D                        406 00113$:
                                    407 ;	./../../lib/src/stm8s_clk.c: 371: CLK->SWR = (uint8_t)CLK_NewClock;
      00017D AE 50 C4         [ 2]  408 	ldw	x, #0x50c4
      000180 7B 04            [ 1]  409 	ld	a, (0x04, sp)
      000182 F7               [ 1]  410 	ld	(x), a
                                    411 ;	./../../lib/src/stm8s_clk.c: 374: while((((CLK->SWCR & CLK_SWCR_SWIF) != 0 ) && (DownCounter != 0)))
      000183 5F               [ 1]  412 	clrw	x
      000184 5A               [ 2]  413 	decw	x
      000185                        414 00115$:
      000185 72 07 50 C5 06   [ 2]  415 	btjf	0x50c5, #3, 00117$
      00018A 5D               [ 2]  416 	tnzw	x
      00018B 27 03            [ 1]  417 	jreq	00117$
                                    418 ;	./../../lib/src/stm8s_clk.c: 376: DownCounter--;
      00018D 5A               [ 2]  419 	decw	x
      00018E 20 F5            [ 2]  420 	jra	00115$
      000190                        421 00117$:
                                    422 ;	./../../lib/src/stm8s_clk.c: 379: if(DownCounter != 0)
      000190 5D               [ 2]  423 	tnzw	x
      000191 27 08            [ 1]  424 	jreq	00119$
                                    425 ;	./../../lib/src/stm8s_clk.c: 382: CLK->SWCR |= CLK_SWCR_SWEN;
      000193 72 12 50 C5      [ 1]  426 	bset	0x50c5, #1
                                    427 ;	./../../lib/src/stm8s_clk.c: 383: Swif = SUCCESS;
      000197 A6 01            [ 1]  428 	ld	a, #0x01
      000199 97               [ 1]  429 	ld	xl, a
                                    430 ;	./../../lib/src/stm8s_clk.c: 387: Swif = ERROR;
      00019A 21                     431 	.byte 0x21
      00019B                        432 00119$:
      00019B 5F               [ 1]  433 	clrw	x
      00019C                        434 00123$:
                                    435 ;	./../../lib/src/stm8s_clk.c: 390: if(Swif != ERROR)
      00019C 9F               [ 1]  436 	ld	a, xl
      00019D 4D               [ 1]  437 	tnz	a
      00019E 27 2E            [ 1]  438 	jreq	00136$
                                    439 ;	./../../lib/src/stm8s_clk.c: 393: if((CLK_CurrentClockState == CLK_CURRENTCLOCKSTATE_DISABLE) && ( clock_master == CLK_SOURCE_HSI))
      0001A0 0D 06            [ 1]  440 	tnz	(0x06, sp)
      0001A2 26 0C            [ 1]  441 	jrne	00132$
      0001A4 90 9F            [ 1]  442 	ld	a, yl
      0001A6 A1 E1            [ 1]  443 	cp	a, #0xe1
      0001A8 26 06            [ 1]  444 	jrne	00132$
                                    445 ;	./../../lib/src/stm8s_clk.c: 395: CLK->ICKR &= (uint8_t)(~CLK_ICKR_HSIEN);
      0001AA 72 11 50 C0      [ 1]  446 	bres	0x50c0, #0
      0001AE 20 1E            [ 2]  447 	jra	00136$
      0001B0                        448 00132$:
                                    449 ;	./../../lib/src/stm8s_clk.c: 397: else if((CLK_CurrentClockState == CLK_CURRENTCLOCKSTATE_DISABLE) && ( clock_master == CLK_SOURCE_LSI))
      0001B0 0D 06            [ 1]  450 	tnz	(0x06, sp)
      0001B2 26 0C            [ 1]  451 	jrne	00128$
      0001B4 90 9F            [ 1]  452 	ld	a, yl
      0001B6 A1 D2            [ 1]  453 	cp	a, #0xd2
      0001B8 26 06            [ 1]  454 	jrne	00128$
                                    455 ;	./../../lib/src/stm8s_clk.c: 399: CLK->ICKR &= (uint8_t)(~CLK_ICKR_LSIEN);
      0001BA 72 17 50 C0      [ 1]  456 	bres	0x50c0, #3
      0001BE 20 0E            [ 2]  457 	jra	00136$
      0001C0                        458 00128$:
                                    459 ;	./../../lib/src/stm8s_clk.c: 401: else if ((CLK_CurrentClockState == CLK_CURRENTCLOCKSTATE_DISABLE) && ( clock_master == CLK_SOURCE_HSE))
      0001C0 0D 06            [ 1]  460 	tnz	(0x06, sp)
      0001C2 26 0A            [ 1]  461 	jrne	00136$
      0001C4 90 9F            [ 1]  462 	ld	a, yl
      0001C6 A1 B4            [ 1]  463 	cp	a, #0xb4
      0001C8 26 04            [ 1]  464 	jrne	00136$
                                    465 ;	./../../lib/src/stm8s_clk.c: 403: CLK->ECKR &= (uint8_t)(~CLK_ECKR_HSEEN);
      0001CA 72 11 50 C1      [ 1]  466 	bres	0x50c1, #0
      0001CE                        467 00136$:
                                    468 ;	./../../lib/src/stm8s_clk.c: 406: return(Swif);
      0001CE 9F               [ 1]  469 	ld	a, xl
                                    470 ;	./../../lib/src/stm8s_clk.c: 407: }
      0001CF 1E 02            [ 2]  471 	ldw	x, (2, sp)
      0001D1 5B 06            [ 2]  472 	addw	sp, #6
      0001D3 FC               [ 2]  473 	jp	(x)
                                    474 ;	./../../lib/src/stm8s_clk.c: 415: void CLK_HSIPrescalerConfig(CLK_Prescaler_TypeDef HSIPrescaler)
                                    475 ;	-----------------------------------------
                                    476 ;	 function CLK_HSIPrescalerConfig
                                    477 ;	-----------------------------------------
      0001D4                        478 _CLK_HSIPrescalerConfig:
      0001D4 88               [ 1]  479 	push	a
      0001D5 6B 01            [ 1]  480 	ld	(0x01, sp), a
                                    481 ;	./../../lib/src/stm8s_clk.c: 421: CLK->CKDIVR &= (uint8_t)(~CLK_CKDIVR_HSIDIV);
      0001D7 C6 50 C6         [ 1]  482 	ld	a, 0x50c6
      0001DA A4 E7            [ 1]  483 	and	a, #0xe7
      0001DC C7 50 C6         [ 1]  484 	ld	0x50c6, a
                                    485 ;	./../../lib/src/stm8s_clk.c: 424: CLK->CKDIVR |= (uint8_t)HSIPrescaler;
      0001DF C6 50 C6         [ 1]  486 	ld	a, 0x50c6
      0001E2 1A 01            [ 1]  487 	or	a, (0x01, sp)
      0001E4 C7 50 C6         [ 1]  488 	ld	0x50c6, a
                                    489 ;	./../../lib/src/stm8s_clk.c: 425: }
      0001E7 84               [ 1]  490 	pop	a
      0001E8 81               [ 4]  491 	ret
                                    492 ;	./../../lib/src/stm8s_clk.c: 436: void CLK_CCOConfig(CLK_Output_TypeDef CLK_CCO)
                                    493 ;	-----------------------------------------
                                    494 ;	 function CLK_CCOConfig
                                    495 ;	-----------------------------------------
      0001E9                        496 _CLK_CCOConfig:
      0001E9 88               [ 1]  497 	push	a
      0001EA 6B 01            [ 1]  498 	ld	(0x01, sp), a
                                    499 ;	./../../lib/src/stm8s_clk.c: 442: CLK->CCOR &= (uint8_t)(~CLK_CCOR_CCOSEL);
      0001EC C6 50 C9         [ 1]  500 	ld	a, 0x50c9
      0001EF A4 E1            [ 1]  501 	and	a, #0xe1
      0001F1 C7 50 C9         [ 1]  502 	ld	0x50c9, a
                                    503 ;	./../../lib/src/stm8s_clk.c: 445: CLK->CCOR |= (uint8_t)CLK_CCO;
      0001F4 C6 50 C9         [ 1]  504 	ld	a, 0x50c9
      0001F7 1A 01            [ 1]  505 	or	a, (0x01, sp)
      0001F9 C7 50 C9         [ 1]  506 	ld	0x50c9, a
                                    507 ;	./../../lib/src/stm8s_clk.c: 448: CLK->CCOR |= CLK_CCOR_CCOEN;
      0001FC 72 10 50 C9      [ 1]  508 	bset	0x50c9, #0
                                    509 ;	./../../lib/src/stm8s_clk.c: 449: }
      000200 84               [ 1]  510 	pop	a
      000201 81               [ 4]  511 	ret
                                    512 ;	./../../lib/src/stm8s_clk.c: 459: void CLK_ITConfig(CLK_IT_TypeDef CLK_IT, FunctionalState NewState)
                                    513 ;	-----------------------------------------
                                    514 ;	 function CLK_ITConfig
                                    515 ;	-----------------------------------------
      000202                        516 _CLK_ITConfig:
      000202 88               [ 1]  517 	push	a
                                    518 ;	./../../lib/src/stm8s_clk.c: 467: switch (CLK_IT)
      000203 A1 0C            [ 1]  519 	cp	a, #0x0c
      000205 26 07            [ 1]  520 	jrne	00150$
      000207 88               [ 1]  521 	push	a
      000208 A6 01            [ 1]  522 	ld	a, #0x01
      00020A 6B 02            [ 1]  523 	ld	(0x02, sp), a
      00020C 84               [ 1]  524 	pop	a
      00020D C5                     525 	.byte 0xc5
      00020E                        526 00150$:
      00020E 0F 01            [ 1]  527 	clr	(0x01, sp)
      000210                        528 00151$:
      000210 A0 1C            [ 1]  529 	sub	a, #0x1c
      000212 26 02            [ 1]  530 	jrne	00153$
      000214 4C               [ 1]  531 	inc	a
      000215 21                     532 	.byte 0x21
      000216                        533 00153$:
      000216 4F               [ 1]  534 	clr	a
      000217                        535 00154$:
                                    536 ;	./../../lib/src/stm8s_clk.c: 465: if (NewState != DISABLE)
      000217 0D 04            [ 1]  537 	tnz	(0x04, sp)
      000219 27 1B            [ 1]  538 	jreq	00110$
                                    539 ;	./../../lib/src/stm8s_clk.c: 467: switch (CLK_IT)
      00021B 0D 01            [ 1]  540 	tnz	(0x01, sp)
      00021D 26 0D            [ 1]  541 	jrne	00102$
      00021F 4D               [ 1]  542 	tnz	a
      000220 27 2D            [ 1]  543 	jreq	00112$
                                    544 ;	./../../lib/src/stm8s_clk.c: 470: CLK->SWCR |= CLK_SWCR_SWIEN;
      000222 C6 50 C5         [ 1]  545 	ld	a, 0x50c5
      000225 AA 04            [ 1]  546 	or	a, #0x04
      000227 C7 50 C5         [ 1]  547 	ld	0x50c5, a
                                    548 ;	./../../lib/src/stm8s_clk.c: 471: break;
      00022A 20 23            [ 2]  549 	jra	00112$
                                    550 ;	./../../lib/src/stm8s_clk.c: 472: case CLK_IT_CSSD: /* Enable the clock security system detection interrupt */
      00022C                        551 00102$:
                                    552 ;	./../../lib/src/stm8s_clk.c: 473: CLK->CSSR |= CLK_CSSR_CSSDIE;
      00022C C6 50 C8         [ 1]  553 	ld	a, 0x50c8
      00022F AA 04            [ 1]  554 	or	a, #0x04
      000231 C7 50 C8         [ 1]  555 	ld	0x50c8, a
                                    556 ;	./../../lib/src/stm8s_clk.c: 474: break;
      000234 20 19            [ 2]  557 	jra	00112$
                                    558 ;	./../../lib/src/stm8s_clk.c: 477: }
      000236                        559 00110$:
                                    560 ;	./../../lib/src/stm8s_clk.c: 481: switch (CLK_IT)
      000236 0D 01            [ 1]  561 	tnz	(0x01, sp)
      000238 26 0D            [ 1]  562 	jrne	00106$
      00023A 4D               [ 1]  563 	tnz	a
      00023B 27 12            [ 1]  564 	jreq	00112$
                                    565 ;	./../../lib/src/stm8s_clk.c: 484: CLK->SWCR  &= (uint8_t)(~CLK_SWCR_SWIEN);
      00023D C6 50 C5         [ 1]  566 	ld	a, 0x50c5
      000240 A4 FB            [ 1]  567 	and	a, #0xfb
      000242 C7 50 C5         [ 1]  568 	ld	0x50c5, a
                                    569 ;	./../../lib/src/stm8s_clk.c: 485: break;
      000245 20 08            [ 2]  570 	jra	00112$
                                    571 ;	./../../lib/src/stm8s_clk.c: 486: case CLK_IT_CSSD: /* Disable the clock security system detection interrupt */
      000247                        572 00106$:
                                    573 ;	./../../lib/src/stm8s_clk.c: 487: CLK->CSSR &= (uint8_t)(~CLK_CSSR_CSSDIE);
      000247 C6 50 C8         [ 1]  574 	ld	a, 0x50c8
      00024A A4 FB            [ 1]  575 	and	a, #0xfb
      00024C C7 50 C8         [ 1]  576 	ld	0x50c8, a
                                    577 ;	./../../lib/src/stm8s_clk.c: 491: }
      00024F                        578 00112$:
                                    579 ;	./../../lib/src/stm8s_clk.c: 493: }
      00024F 84               [ 1]  580 	pop	a
      000250 85               [ 2]  581 	popw	x
      000251 84               [ 1]  582 	pop	a
      000252 FC               [ 2]  583 	jp	(x)
                                    584 ;	./../../lib/src/stm8s_clk.c: 500: void CLK_SYSCLKConfig(CLK_Prescaler_TypeDef CLK_Prescaler)
                                    585 ;	-----------------------------------------
                                    586 ;	 function CLK_SYSCLKConfig
                                    587 ;	-----------------------------------------
      000253                        588 _CLK_SYSCLKConfig:
      000253 88               [ 1]  589 	push	a
      000254 95               [ 1]  590 	ld	xh, a
                                    591 ;	./../../lib/src/stm8s_clk.c: 507: CLK->CKDIVR &= (uint8_t)(~CLK_CKDIVR_HSIDIV);
      000255 C6 50 C6         [ 1]  592 	ld	a, 0x50c6
                                    593 ;	./../../lib/src/stm8s_clk.c: 505: if (((uint8_t)CLK_Prescaler & (uint8_t)0x80) == 0x00) /* Bit7 = 0 means HSI divider */
      000258 5D               [ 2]  594 	tnzw	x
      000259 2B 14            [ 1]  595 	jrmi	00102$
                                    596 ;	./../../lib/src/stm8s_clk.c: 507: CLK->CKDIVR &= (uint8_t)(~CLK_CKDIVR_HSIDIV);
      00025B A4 E7            [ 1]  597 	and	a, #0xe7
      00025D C7 50 C6         [ 1]  598 	ld	0x50c6, a
                                    599 ;	./../../lib/src/stm8s_clk.c: 508: CLK->CKDIVR |= (uint8_t)((uint8_t)CLK_Prescaler & (uint8_t)CLK_CKDIVR_HSIDIV);
      000260 C6 50 C6         [ 1]  600 	ld	a, 0x50c6
      000263 6B 01            [ 1]  601 	ld	(0x01, sp), a
      000265 9E               [ 1]  602 	ld	a, xh
      000266 A4 18            [ 1]  603 	and	a, #0x18
      000268 1A 01            [ 1]  604 	or	a, (0x01, sp)
      00026A C7 50 C6         [ 1]  605 	ld	0x50c6, a
      00026D 20 12            [ 2]  606 	jra	00104$
      00026F                        607 00102$:
                                    608 ;	./../../lib/src/stm8s_clk.c: 512: CLK->CKDIVR &= (uint8_t)(~CLK_CKDIVR_CPUDIV);
      00026F A4 F8            [ 1]  609 	and	a, #0xf8
      000271 C7 50 C6         [ 1]  610 	ld	0x50c6, a
                                    611 ;	./../../lib/src/stm8s_clk.c: 513: CLK->CKDIVR |= (uint8_t)((uint8_t)CLK_Prescaler & (uint8_t)CLK_CKDIVR_CPUDIV);
      000274 C6 50 C6         [ 1]  612 	ld	a, 0x50c6
      000277 6B 01            [ 1]  613 	ld	(0x01, sp), a
      000279 9E               [ 1]  614 	ld	a, xh
      00027A A4 07            [ 1]  615 	and	a, #0x07
      00027C 1A 01            [ 1]  616 	or	a, (0x01, sp)
      00027E C7 50 C6         [ 1]  617 	ld	0x50c6, a
      000281                        618 00104$:
                                    619 ;	./../../lib/src/stm8s_clk.c: 515: }
      000281 84               [ 1]  620 	pop	a
      000282 81               [ 4]  621 	ret
                                    622 ;	./../../lib/src/stm8s_clk.c: 523: void CLK_SWIMConfig(CLK_SWIMDivider_TypeDef CLK_SWIMDivider)
                                    623 ;	-----------------------------------------
                                    624 ;	 function CLK_SWIMConfig
                                    625 ;	-----------------------------------------
      000283                        626 _CLK_SWIMConfig:
      000283 88               [ 1]  627 	push	a
      000284 6B 01            [ 1]  628 	ld	(0x01, sp), a
                                    629 ;	./../../lib/src/stm8s_clk.c: 531: CLK->SWIMCCR |= CLK_SWIMCCR_SWIMDIV;
      000286 C6 50 CD         [ 1]  630 	ld	a, 0x50cd
                                    631 ;	./../../lib/src/stm8s_clk.c: 528: if (CLK_SWIMDivider != CLK_SWIMDIVIDER_2)
      000289 0D 01            [ 1]  632 	tnz	(0x01, sp)
      00028B 27 07            [ 1]  633 	jreq	00102$
                                    634 ;	./../../lib/src/stm8s_clk.c: 531: CLK->SWIMCCR |= CLK_SWIMCCR_SWIMDIV;
      00028D AA 01            [ 1]  635 	or	a, #0x01
      00028F C7 50 CD         [ 1]  636 	ld	0x50cd, a
      000292 20 05            [ 2]  637 	jra	00104$
      000294                        638 00102$:
                                    639 ;	./../../lib/src/stm8s_clk.c: 536: CLK->SWIMCCR &= (uint8_t)(~CLK_SWIMCCR_SWIMDIV);
      000294 A4 FE            [ 1]  640 	and	a, #0xfe
      000296 C7 50 CD         [ 1]  641 	ld	0x50cd, a
      000299                        642 00104$:
                                    643 ;	./../../lib/src/stm8s_clk.c: 538: }
      000299 84               [ 1]  644 	pop	a
      00029A 81               [ 4]  645 	ret
                                    646 ;	./../../lib/src/stm8s_clk.c: 547: void CLK_ClockSecuritySystemEnable(void)
                                    647 ;	-----------------------------------------
                                    648 ;	 function CLK_ClockSecuritySystemEnable
                                    649 ;	-----------------------------------------
      00029B                        650 _CLK_ClockSecuritySystemEnable:
                                    651 ;	./../../lib/src/stm8s_clk.c: 550: CLK->CSSR |= CLK_CSSR_CSSEN;
      00029B 72 10 50 C8      [ 1]  652 	bset	0x50c8, #0
                                    653 ;	./../../lib/src/stm8s_clk.c: 551: }
      00029F 81               [ 4]  654 	ret
                                    655 ;	./../../lib/src/stm8s_clk.c: 559: CLK_Source_TypeDef CLK_GetSYSCLKSource(void)
                                    656 ;	-----------------------------------------
                                    657 ;	 function CLK_GetSYSCLKSource
                                    658 ;	-----------------------------------------
      0002A0                        659 _CLK_GetSYSCLKSource:
                                    660 ;	./../../lib/src/stm8s_clk.c: 561: return((CLK_Source_TypeDef)CLK->CMSR);
      0002A0 C6 50 C3         [ 1]  661 	ld	a, 0x50c3
                                    662 ;	./../../lib/src/stm8s_clk.c: 562: }
      0002A3 81               [ 4]  663 	ret
                                    664 ;	./../../lib/src/stm8s_clk.c: 569: uint32_t CLK_GetClockFreq(void)
                                    665 ;	-----------------------------------------
                                    666 ;	 function CLK_GetClockFreq
                                    667 ;	-----------------------------------------
      0002A4                        668 _CLK_GetClockFreq:
      0002A4 52 04            [ 2]  669 	sub	sp, #4
                                    670 ;	./../../lib/src/stm8s_clk.c: 576: clocksource = (CLK_Source_TypeDef)CLK->CMSR;
      0002A6 C6 50 C3         [ 1]  671 	ld	a, 0x50c3
                                    672 ;	./../../lib/src/stm8s_clk.c: 578: if (clocksource == CLK_SOURCE_HSI)
      0002A9 6B 04            [ 1]  673 	ld	(0x04, sp), a
      0002AB A1 E1            [ 1]  674 	cp	a, #0xe1
      0002AD 26 22            [ 1]  675 	jrne	00105$
                                    676 ;	./../../lib/src/stm8s_clk.c: 580: tmp = (uint8_t)(CLK->CKDIVR & CLK_CKDIVR_HSIDIV);
      0002AF C6 50 C6         [ 1]  677 	ld	a, 0x50c6
      0002B2 A4 18            [ 1]  678 	and	a, #0x18
                                    679 ;	./../../lib/src/stm8s_clk.c: 581: tmp = (uint8_t)(tmp >> 3);
      0002B4 44               [ 1]  680 	srl	a
      0002B5 44               [ 1]  681 	srl	a
      0002B6 44               [ 1]  682 	srl	a
                                    683 ;	./../../lib/src/stm8s_clk.c: 582: clockfrequency = HSI_VALUE >> HSIDivExp[tmp];
      0002B7 5F               [ 1]  684 	clrw	x
      0002B8 97               [ 1]  685 	ld	xl, a
      0002B9 D6u00u00         [ 1]  686 	ld	a, (_HSIDivExp+0, x)
      0002BC AE 24 00         [ 2]  687 	ldw	x, #0x2400
      0002BF 1F 03            [ 2]  688 	ldw	(0x03, sp), x
      0002C1 AE 00 F4         [ 2]  689 	ldw	x, #0x00f4
      0002C4 4D               [ 1]  690 	tnz	a
      0002C5 27 21            [ 1]  691 	jreq	00106$
      0002C7                        692 00126$:
      0002C7 54               [ 2]  693 	srlw	x
      0002C8 06 03            [ 1]  694 	rrc	(0x03, sp)
      0002CA 06 04            [ 1]  695 	rrc	(0x04, sp)
      0002CC 4A               [ 1]  696 	dec	a
      0002CD 26 F8            [ 1]  697 	jrne	00126$
      0002CF 20 17            [ 2]  698 	jra	00106$
      0002D1                        699 00105$:
                                    700 ;	./../../lib/src/stm8s_clk.c: 584: else if ( clocksource == CLK_SOURCE_LSI)
      0002D1 7B 04            [ 1]  701 	ld	a, (0x04, sp)
      0002D3 A1 D2            [ 1]  702 	cp	a, #0xd2
      0002D5 26 09            [ 1]  703 	jrne	00102$
                                    704 ;	./../../lib/src/stm8s_clk.c: 586: clockfrequency = LSI_VALUE;
      0002D7 AE F4 00         [ 2]  705 	ldw	x, #0xf400
      0002DA 1F 03            [ 2]  706 	ldw	(0x03, sp), x
      0002DC 5F               [ 1]  707 	clrw	x
      0002DD 5C               [ 1]  708 	incw	x
      0002DE 20 08            [ 2]  709 	jra	00106$
      0002E0                        710 00102$:
                                    711 ;	./../../lib/src/stm8s_clk.c: 590: clockfrequency = HSE_VALUE;
      0002E0 AE 24 00         [ 2]  712 	ldw	x, #0x2400
      0002E3 1F 03            [ 2]  713 	ldw	(0x03, sp), x
      0002E5 AE 00 F4         [ 2]  714 	ldw	x, #0x00f4
      0002E8                        715 00106$:
                                    716 ;	./../../lib/src/stm8s_clk.c: 593: return((uint32_t)clockfrequency);
      0002E8 51               [ 1]  717 	exgw	x, y
      0002E9 1E 03            [ 2]  718 	ldw	x, (0x03, sp)
                                    719 ;	./../../lib/src/stm8s_clk.c: 594: }
      0002EB 5B 04            [ 2]  720 	addw	sp, #4
      0002ED 81               [ 4]  721 	ret
                                    722 ;	./../../lib/src/stm8s_clk.c: 603: void CLK_AdjustHSICalibrationValue(CLK_HSITrimValue_TypeDef CLK_HSICalibrationValue)
                                    723 ;	-----------------------------------------
                                    724 ;	 function CLK_AdjustHSICalibrationValue
                                    725 ;	-----------------------------------------
      0002EE                        726 _CLK_AdjustHSICalibrationValue:
      0002EE 88               [ 1]  727 	push	a
      0002EF 6B 01            [ 1]  728 	ld	(0x01, sp), a
                                    729 ;	./../../lib/src/stm8s_clk.c: 609: CLK->HSITRIMR = (uint8_t)( (uint8_t)(CLK->HSITRIMR & (uint8_t)(~CLK_HSITRIMR_HSITRIM))|((uint8_t)CLK_HSICalibrationValue));
      0002F1 C6 50 CC         [ 1]  730 	ld	a, 0x50cc
      0002F4 A4 F8            [ 1]  731 	and	a, #0xf8
      0002F6 1A 01            [ 1]  732 	or	a, (0x01, sp)
      0002F8 C7 50 CC         [ 1]  733 	ld	0x50cc, a
                                    734 ;	./../../lib/src/stm8s_clk.c: 610: }
      0002FB 84               [ 1]  735 	pop	a
      0002FC 81               [ 4]  736 	ret
                                    737 ;	./../../lib/src/stm8s_clk.c: 621: void CLK_SYSCLKEmergencyClear(void)
                                    738 ;	-----------------------------------------
                                    739 ;	 function CLK_SYSCLKEmergencyClear
                                    740 ;	-----------------------------------------
      0002FD                        741 _CLK_SYSCLKEmergencyClear:
                                    742 ;	./../../lib/src/stm8s_clk.c: 623: CLK->SWCR &= (uint8_t)(~CLK_SWCR_SWBSY);
      0002FD 72 11 50 C5      [ 1]  743 	bres	0x50c5, #0
                                    744 ;	./../../lib/src/stm8s_clk.c: 624: }
      000301 81               [ 4]  745 	ret
                                    746 ;	./../../lib/src/stm8s_clk.c: 633: FlagStatus CLK_GetFlagStatus(CLK_Flag_TypeDef CLK_FLAG)
                                    747 ;	-----------------------------------------
                                    748 ;	 function CLK_GetFlagStatus
                                    749 ;	-----------------------------------------
      000302                        750 _CLK_GetFlagStatus:
      000302 52 04            [ 2]  751 	sub	sp, #4
                                    752 ;	./../../lib/src/stm8s_clk.c: 643: statusreg = (uint16_t)((uint16_t)CLK_FLAG & (uint16_t)0xFF00);
      000304 1F 03            [ 2]  753 	ldw	(0x03, sp), x
      000306 4F               [ 1]  754 	clr	a
      000307 97               [ 1]  755 	ld	xl, a
                                    756 ;	./../../lib/src/stm8s_clk.c: 646: if (statusreg == 0x0100) /* The flag to check is in ICKRregister */
      000308 1F 01            [ 2]  757 	ldw	(0x01, sp), x
      00030A A3 01 00         [ 2]  758 	cpw	x, #0x0100
      00030D 26 05            [ 1]  759 	jrne	00111$
                                    760 ;	./../../lib/src/stm8s_clk.c: 648: tmpreg = CLK->ICKR;
      00030F C6 50 C0         [ 1]  761 	ld	a, 0x50c0
      000312 20 27            [ 2]  762 	jra	00112$
      000314                        763 00111$:
                                    764 ;	./../../lib/src/stm8s_clk.c: 650: else if (statusreg == 0x0200) /* The flag to check is in ECKRregister */
      000314 1E 01            [ 2]  765 	ldw	x, (0x01, sp)
      000316 A3 02 00         [ 2]  766 	cpw	x, #0x0200
      000319 26 05            [ 1]  767 	jrne	00108$
                                    768 ;	./../../lib/src/stm8s_clk.c: 652: tmpreg = CLK->ECKR;
      00031B C6 50 C1         [ 1]  769 	ld	a, 0x50c1
      00031E 20 1B            [ 2]  770 	jra	00112$
      000320                        771 00108$:
                                    772 ;	./../../lib/src/stm8s_clk.c: 654: else if (statusreg == 0x0300) /* The flag to check is in SWIC register */
      000320 1E 01            [ 2]  773 	ldw	x, (0x01, sp)
      000322 A3 03 00         [ 2]  774 	cpw	x, #0x0300
      000325 26 05            [ 1]  775 	jrne	00105$
                                    776 ;	./../../lib/src/stm8s_clk.c: 656: tmpreg = CLK->SWCR;
      000327 C6 50 C5         [ 1]  777 	ld	a, 0x50c5
      00032A 20 0F            [ 2]  778 	jra	00112$
      00032C                        779 00105$:
                                    780 ;	./../../lib/src/stm8s_clk.c: 658: else if (statusreg == 0x0400) /* The flag to check is in CSS register */
      00032C 1E 01            [ 2]  781 	ldw	x, (0x01, sp)
      00032E A3 04 00         [ 2]  782 	cpw	x, #0x0400
      000331 26 05            [ 1]  783 	jrne	00102$
                                    784 ;	./../../lib/src/stm8s_clk.c: 660: tmpreg = CLK->CSSR;
      000333 C6 50 C8         [ 1]  785 	ld	a, 0x50c8
      000336 20 03            [ 2]  786 	jra	00112$
      000338                        787 00102$:
                                    788 ;	./../../lib/src/stm8s_clk.c: 664: tmpreg = CLK->CCOR;
      000338 C6 50 C9         [ 1]  789 	ld	a, 0x50c9
      00033B                        790 00112$:
                                    791 ;	./../../lib/src/stm8s_clk.c: 667: if ((tmpreg & (uint8_t)CLK_FLAG) != (uint8_t)RESET)
      00033B 88               [ 1]  792 	push	a
      00033C 7B 05            [ 1]  793 	ld	a, (0x05, sp)
      00033E 6B 03            [ 1]  794 	ld	(0x03, sp), a
      000340 84               [ 1]  795 	pop	a
      000341 14 02            [ 1]  796 	and	a, (0x02, sp)
      000343 27 03            [ 1]  797 	jreq	00114$
                                    798 ;	./../../lib/src/stm8s_clk.c: 669: bitstatus = SET;
      000345 A6 01            [ 1]  799 	ld	a, #0x01
                                    800 ;	./../../lib/src/stm8s_clk.c: 673: bitstatus = RESET;
      000347 21                     801 	.byte 0x21
      000348                        802 00114$:
      000348 4F               [ 1]  803 	clr	a
      000349                        804 00115$:
                                    805 ;	./../../lib/src/stm8s_clk.c: 677: return((FlagStatus)bitstatus);
                                    806 ;	./../../lib/src/stm8s_clk.c: 678: }
      000349 5B 04            [ 2]  807 	addw	sp, #4
      00034B 81               [ 4]  808 	ret
                                    809 ;	./../../lib/src/stm8s_clk.c: 686: ITStatus CLK_GetITStatus(CLK_IT_TypeDef CLK_IT)
                                    810 ;	-----------------------------------------
                                    811 ;	 function CLK_GetITStatus
                                    812 ;	-----------------------------------------
      00034C                        813 _CLK_GetITStatus:
      00034C 88               [ 1]  814 	push	a
                                    815 ;	./../../lib/src/stm8s_clk.c: 693: if (CLK_IT == CLK_IT_SWIF)
      00034D 6B 01            [ 1]  816 	ld	(0x01, sp), a
      00034F A1 1C            [ 1]  817 	cp	a, #0x1c
      000351 26 0F            [ 1]  818 	jrne	00108$
                                    819 ;	./../../lib/src/stm8s_clk.c: 696: if ((CLK->SWCR & (uint8_t)CLK_IT) == (uint8_t)0x0C)
      000353 C6 50 C5         [ 1]  820 	ld	a, 0x50c5
      000356 14 01            [ 1]  821 	and	a, (0x01, sp)
                                    822 ;	./../../lib/src/stm8s_clk.c: 698: bitstatus = SET;
      000358 A0 0C            [ 1]  823 	sub	a, #0x0c
      00035A 26 03            [ 1]  824 	jrne	00102$
      00035C 4C               [ 1]  825 	inc	a
      00035D 20 0F            [ 2]  826 	jra	00109$
      00035F                        827 00102$:
                                    828 ;	./../../lib/src/stm8s_clk.c: 702: bitstatus = RESET;
      00035F 4F               [ 1]  829 	clr	a
      000360 20 0C            [ 2]  830 	jra	00109$
      000362                        831 00108$:
                                    832 ;	./../../lib/src/stm8s_clk.c: 708: if ((CLK->CSSR & (uint8_t)CLK_IT) == (uint8_t)0x0C)
      000362 C6 50 C8         [ 1]  833 	ld	a, 0x50c8
      000365 14 01            [ 1]  834 	and	a, (0x01, sp)
                                    835 ;	./../../lib/src/stm8s_clk.c: 710: bitstatus = SET;
      000367 A0 0C            [ 1]  836 	sub	a, #0x0c
      000369 26 02            [ 1]  837 	jrne	00105$
      00036B 4C               [ 1]  838 	inc	a
                                    839 ;	./../../lib/src/stm8s_clk.c: 714: bitstatus = RESET;
      00036C 21                     840 	.byte 0x21
      00036D                        841 00105$:
      00036D 4F               [ 1]  842 	clr	a
      00036E                        843 00109$:
                                    844 ;	./../../lib/src/stm8s_clk.c: 719: return bitstatus;
                                    845 ;	./../../lib/src/stm8s_clk.c: 720: }
      00036E 5B 01            [ 2]  846 	addw	sp, #1
      000370 81               [ 4]  847 	ret
                                    848 ;	./../../lib/src/stm8s_clk.c: 728: void CLK_ClearITPendingBit(CLK_IT_TypeDef CLK_IT)
                                    849 ;	-----------------------------------------
                                    850 ;	 function CLK_ClearITPendingBit
                                    851 ;	-----------------------------------------
      000371                        852 _CLK_ClearITPendingBit:
                                    853 ;	./../../lib/src/stm8s_clk.c: 733: if (CLK_IT == (uint8_t)CLK_IT_CSSD)
      000371 A1 0C            [ 1]  854 	cp	a, #0x0c
      000373 26 05            [ 1]  855 	jrne	00102$
                                    856 ;	./../../lib/src/stm8s_clk.c: 736: CLK->CSSR &= (uint8_t)(~CLK_CSSR_CSSD);
      000375 72 17 50 C8      [ 1]  857 	bres	0x50c8, #3
      000379 81               [ 4]  858 	ret
      00037A                        859 00102$:
                                    860 ;	./../../lib/src/stm8s_clk.c: 741: CLK->SWCR &= (uint8_t)(~CLK_SWCR_SWIF);
      00037A 72 17 50 C5      [ 1]  861 	bres	0x50c5, #3
                                    862 ;	./../../lib/src/stm8s_clk.c: 744: }
      00037E 81               [ 4]  863 	ret
                                    864 	.area CODE
                                    865 	.area CONST
      000000                        866 _HSIDivExp:
      000000 00                     867 	.db #0x00	; 0
      000001 01                     868 	.db #0x01	; 1
      000002 02                     869 	.db #0x02	; 2
      000003 03                     870 	.db #0x03	; 3
      000004                        871 _CLKPrescTable:
      000004 01                     872 	.db #0x01	; 1
      000005 02                     873 	.db #0x02	; 2
      000006 04                     874 	.db #0x04	; 4
      000007 08                     875 	.db #0x08	; 8
      000008 0A                     876 	.db #0x0a	; 10
      000009 10                     877 	.db #0x10	; 16
      00000A 14                     878 	.db #0x14	; 20
      00000B 28                     879 	.db #0x28	; 40
                                    880 	.area INITIALIZER
                                    881 	.area CABS (ABS)
