                                      1 ;--------------------------------------------------------
                                      2 ; File Created by SDCC : free open source ISO C Compiler 
                                      3 ; Version 4.4.0 #14620 (MINGW32)
                                      4 ;--------------------------------------------------------
                                      5 	.module stm8s_tim4
                                      6 	.optsdcc -mstm8
                                      7 	
                                      8 ;--------------------------------------------------------
                                      9 ; Public variables in this module
                                     10 ;--------------------------------------------------------
                                     11 	.globl _TIM4_DeInit
                                     12 	.globl _TIM4_TimeBaseInit
                                     13 	.globl _TIM4_Cmd
                                     14 	.globl _TIM4_ITConfig
                                     15 	.globl _TIM4_UpdateDisableConfig
                                     16 	.globl _TIM4_UpdateRequestConfig
                                     17 	.globl _TIM4_SelectOnePulseMode
                                     18 	.globl _TIM4_PrescalerConfig
                                     19 	.globl _TIM4_ARRPreloadConfig
                                     20 	.globl _TIM4_GenerateEvent
                                     21 	.globl _TIM4_SetCounter
                                     22 	.globl _TIM4_SetAutoreload
                                     23 	.globl _TIM4_GetCounter
                                     24 	.globl _TIM4_GetPrescaler
                                     25 	.globl _TIM4_GetFlagStatus
                                     26 	.globl _TIM4_ClearFlag
                                     27 	.globl _TIM4_GetITStatus
                                     28 	.globl _TIM4_ClearITPendingBit
                                     29 ;--------------------------------------------------------
                                     30 ; ram data
                                     31 ;--------------------------------------------------------
                                     32 	.area DATA
                                     33 ;--------------------------------------------------------
                                     34 ; ram data
                                     35 ;--------------------------------------------------------
                                     36 	.area INITIALIZED
                                     37 ;--------------------------------------------------------
                                     38 ; absolute external ram data
                                     39 ;--------------------------------------------------------
                                     40 	.area DABS (ABS)
                                     41 
                                     42 ; default segment ordering for linker
                                     43 	.area HOME
                                     44 	.area GSINIT
                                     45 	.area GSFINAL
                                     46 	.area CONST
                                     47 	.area INITIALIZER
                                     48 	.area CODE
                                     49 
                                     50 ;--------------------------------------------------------
                                     51 ; global & static initialisations
                                     52 ;--------------------------------------------------------
                                     53 	.area HOME
                                     54 	.area GSINIT
                                     55 	.area GSFINAL
                                     56 	.area GSINIT
                                     57 ;--------------------------------------------------------
                                     58 ; Home
                                     59 ;--------------------------------------------------------
                                     60 	.area HOME
                                     61 	.area HOME
                                     62 ;--------------------------------------------------------
                                     63 ; code
                                     64 ;--------------------------------------------------------
                                     65 	.area CODE
                                     66 ;	./../../lib/src/stm8s_tim4.c: 49: void TIM4_DeInit(void)
                                     67 ;	-----------------------------------------
                                     68 ;	 function TIM4_DeInit
                                     69 ;	-----------------------------------------
      000000                         70 _TIM4_DeInit:
                                     71 ;	./../../lib/src/stm8s_tim4.c: 51: TIM4->CR1 = TIM4_CR1_RESET_VALUE;
      000000 35 00 53 40      [ 1]   72 	mov	0x5340+0, #0x00
                                     73 ;	./../../lib/src/stm8s_tim4.c: 52: TIM4->IER = TIM4_IER_RESET_VALUE;
      000004 35 00 53 41      [ 1]   74 	mov	0x5341+0, #0x00
                                     75 ;	./../../lib/src/stm8s_tim4.c: 53: TIM4->CNTR = TIM4_CNTR_RESET_VALUE;
      000008 35 00 53 44      [ 1]   76 	mov	0x5344+0, #0x00
                                     77 ;	./../../lib/src/stm8s_tim4.c: 54: TIM4->PSCR = TIM4_PSCR_RESET_VALUE;
      00000C 35 00 53 45      [ 1]   78 	mov	0x5345+0, #0x00
                                     79 ;	./../../lib/src/stm8s_tim4.c: 55: TIM4->ARR = TIM4_ARR_RESET_VALUE;
      000010 35 FF 53 46      [ 1]   80 	mov	0x5346+0, #0xff
                                     81 ;	./../../lib/src/stm8s_tim4.c: 56: TIM4->SR1 = TIM4_SR1_RESET_VALUE;
      000014 35 00 53 42      [ 1]   82 	mov	0x5342+0, #0x00
                                     83 ;	./../../lib/src/stm8s_tim4.c: 57: }
      000018 81               [ 4]   84 	ret
                                     85 ;	./../../lib/src/stm8s_tim4.c: 65: void TIM4_TimeBaseInit(TIM4_Prescaler_TypeDef TIM4_Prescaler, uint8_t TIM4_Period)
                                     86 ;	-----------------------------------------
                                     87 ;	 function TIM4_TimeBaseInit
                                     88 ;	-----------------------------------------
      000019                         89 _TIM4_TimeBaseInit:
                                     90 ;	./../../lib/src/stm8s_tim4.c: 70: TIM4->PSCR = (uint8_t)(TIM4_Prescaler);
      000019 C7 53 45         [ 1]   91 	ld	0x5345, a
                                     92 ;	./../../lib/src/stm8s_tim4.c: 72: TIM4->ARR = (uint8_t)(TIM4_Period);
      00001C AE 53 46         [ 2]   93 	ldw	x, #0x5346
      00001F 7B 03            [ 1]   94 	ld	a, (0x03, sp)
      000021 F7               [ 1]   95 	ld	(x), a
                                     96 ;	./../../lib/src/stm8s_tim4.c: 73: }
      000022 85               [ 2]   97 	popw	x
      000023 84               [ 1]   98 	pop	a
      000024 FC               [ 2]   99 	jp	(x)
                                    100 ;	./../../lib/src/stm8s_tim4.c: 81: void TIM4_Cmd(FunctionalState NewState)
                                    101 ;	-----------------------------------------
                                    102 ;	 function TIM4_Cmd
                                    103 ;	-----------------------------------------
      000025                        104 _TIM4_Cmd:
      000025 88               [ 1]  105 	push	a
      000026 6B 01            [ 1]  106 	ld	(0x01, sp), a
                                    107 ;	./../../lib/src/stm8s_tim4.c: 89: TIM4->CR1 |= TIM4_CR1_CEN;
      000028 C6 53 40         [ 1]  108 	ld	a, 0x5340
                                    109 ;	./../../lib/src/stm8s_tim4.c: 87: if (NewState != DISABLE)
      00002B 0D 01            [ 1]  110 	tnz	(0x01, sp)
      00002D 27 07            [ 1]  111 	jreq	00102$
                                    112 ;	./../../lib/src/stm8s_tim4.c: 89: TIM4->CR1 |= TIM4_CR1_CEN;
      00002F AA 01            [ 1]  113 	or	a, #0x01
      000031 C7 53 40         [ 1]  114 	ld	0x5340, a
      000034 20 05            [ 2]  115 	jra	00104$
      000036                        116 00102$:
                                    117 ;	./../../lib/src/stm8s_tim4.c: 93: TIM4->CR1 &= (uint8_t)(~TIM4_CR1_CEN);
      000036 A4 FE            [ 1]  118 	and	a, #0xfe
      000038 C7 53 40         [ 1]  119 	ld	0x5340, a
      00003B                        120 00104$:
                                    121 ;	./../../lib/src/stm8s_tim4.c: 95: }
      00003B 84               [ 1]  122 	pop	a
      00003C 81               [ 4]  123 	ret
                                    124 ;	./../../lib/src/stm8s_tim4.c: 107: void TIM4_ITConfig(TIM4_IT_TypeDef TIM4_IT, FunctionalState NewState)
                                    125 ;	-----------------------------------------
                                    126 ;	 function TIM4_ITConfig
                                    127 ;	-----------------------------------------
      00003D                        128 _TIM4_ITConfig:
      00003D 88               [ 1]  129 	push	a
      00003E 97               [ 1]  130 	ld	xl, a
                                    131 ;	./../../lib/src/stm8s_tim4.c: 116: TIM4->IER |= (uint8_t)TIM4_IT;
      00003F C6 53 41         [ 1]  132 	ld	a, 0x5341
      000042 6B 01            [ 1]  133 	ld	(0x01, sp), a
                                    134 ;	./../../lib/src/stm8s_tim4.c: 113: if (NewState != DISABLE)
      000044 0D 04            [ 1]  135 	tnz	(0x04, sp)
      000046 27 08            [ 1]  136 	jreq	00102$
                                    137 ;	./../../lib/src/stm8s_tim4.c: 116: TIM4->IER |= (uint8_t)TIM4_IT;
      000048 9F               [ 1]  138 	ld	a, xl
      000049 1A 01            [ 1]  139 	or	a, (0x01, sp)
      00004B C7 53 41         [ 1]  140 	ld	0x5341, a
      00004E 20 07            [ 2]  141 	jra	00104$
      000050                        142 00102$:
                                    143 ;	./../../lib/src/stm8s_tim4.c: 121: TIM4->IER &= (uint8_t)(~TIM4_IT);
      000050 9F               [ 1]  144 	ld	a, xl
      000051 43               [ 1]  145 	cpl	a
      000052 14 01            [ 1]  146 	and	a, (0x01, sp)
      000054 C7 53 41         [ 1]  147 	ld	0x5341, a
      000057                        148 00104$:
                                    149 ;	./../../lib/src/stm8s_tim4.c: 123: }
      000057 84               [ 1]  150 	pop	a
      000058 85               [ 2]  151 	popw	x
      000059 84               [ 1]  152 	pop	a
      00005A FC               [ 2]  153 	jp	(x)
                                    154 ;	./../../lib/src/stm8s_tim4.c: 131: void TIM4_UpdateDisableConfig(FunctionalState NewState)
                                    155 ;	-----------------------------------------
                                    156 ;	 function TIM4_UpdateDisableConfig
                                    157 ;	-----------------------------------------
      00005B                        158 _TIM4_UpdateDisableConfig:
      00005B 88               [ 1]  159 	push	a
      00005C 6B 01            [ 1]  160 	ld	(0x01, sp), a
                                    161 ;	./../../lib/src/stm8s_tim4.c: 139: TIM4->CR1 |= TIM4_CR1_UDIS;
      00005E C6 53 40         [ 1]  162 	ld	a, 0x5340
                                    163 ;	./../../lib/src/stm8s_tim4.c: 137: if (NewState != DISABLE)
      000061 0D 01            [ 1]  164 	tnz	(0x01, sp)
      000063 27 07            [ 1]  165 	jreq	00102$
                                    166 ;	./../../lib/src/stm8s_tim4.c: 139: TIM4->CR1 |= TIM4_CR1_UDIS;
      000065 AA 02            [ 1]  167 	or	a, #0x02
      000067 C7 53 40         [ 1]  168 	ld	0x5340, a
      00006A 20 05            [ 2]  169 	jra	00104$
      00006C                        170 00102$:
                                    171 ;	./../../lib/src/stm8s_tim4.c: 143: TIM4->CR1 &= (uint8_t)(~TIM4_CR1_UDIS);
      00006C A4 FD            [ 1]  172 	and	a, #0xfd
      00006E C7 53 40         [ 1]  173 	ld	0x5340, a
      000071                        174 00104$:
                                    175 ;	./../../lib/src/stm8s_tim4.c: 145: }
      000071 84               [ 1]  176 	pop	a
      000072 81               [ 4]  177 	ret
                                    178 ;	./../../lib/src/stm8s_tim4.c: 155: void TIM4_UpdateRequestConfig(TIM4_UpdateSource_TypeDef TIM4_UpdateSource)
                                    179 ;	-----------------------------------------
                                    180 ;	 function TIM4_UpdateRequestConfig
                                    181 ;	-----------------------------------------
      000073                        182 _TIM4_UpdateRequestConfig:
      000073 88               [ 1]  183 	push	a
      000074 6B 01            [ 1]  184 	ld	(0x01, sp), a
                                    185 ;	./../../lib/src/stm8s_tim4.c: 163: TIM4->CR1 |= TIM4_CR1_URS;
      000076 C6 53 40         [ 1]  186 	ld	a, 0x5340
                                    187 ;	./../../lib/src/stm8s_tim4.c: 161: if (TIM4_UpdateSource != TIM4_UPDATESOURCE_GLOBAL)
      000079 0D 01            [ 1]  188 	tnz	(0x01, sp)
      00007B 27 07            [ 1]  189 	jreq	00102$
                                    190 ;	./../../lib/src/stm8s_tim4.c: 163: TIM4->CR1 |= TIM4_CR1_URS;
      00007D AA 04            [ 1]  191 	or	a, #0x04
      00007F C7 53 40         [ 1]  192 	ld	0x5340, a
      000082 20 05            [ 2]  193 	jra	00104$
      000084                        194 00102$:
                                    195 ;	./../../lib/src/stm8s_tim4.c: 167: TIM4->CR1 &= (uint8_t)(~TIM4_CR1_URS);
      000084 A4 FB            [ 1]  196 	and	a, #0xfb
      000086 C7 53 40         [ 1]  197 	ld	0x5340, a
      000089                        198 00104$:
                                    199 ;	./../../lib/src/stm8s_tim4.c: 169: }
      000089 84               [ 1]  200 	pop	a
      00008A 81               [ 4]  201 	ret
                                    202 ;	./../../lib/src/stm8s_tim4.c: 179: void TIM4_SelectOnePulseMode(TIM4_OPMode_TypeDef TIM4_OPMode)
                                    203 ;	-----------------------------------------
                                    204 ;	 function TIM4_SelectOnePulseMode
                                    205 ;	-----------------------------------------
      00008B                        206 _TIM4_SelectOnePulseMode:
      00008B 88               [ 1]  207 	push	a
      00008C 6B 01            [ 1]  208 	ld	(0x01, sp), a
                                    209 ;	./../../lib/src/stm8s_tim4.c: 187: TIM4->CR1 |= TIM4_CR1_OPM;
      00008E C6 53 40         [ 1]  210 	ld	a, 0x5340
                                    211 ;	./../../lib/src/stm8s_tim4.c: 185: if (TIM4_OPMode != TIM4_OPMODE_REPETITIVE)
      000091 0D 01            [ 1]  212 	tnz	(0x01, sp)
      000093 27 07            [ 1]  213 	jreq	00102$
                                    214 ;	./../../lib/src/stm8s_tim4.c: 187: TIM4->CR1 |= TIM4_CR1_OPM;
      000095 AA 08            [ 1]  215 	or	a, #0x08
      000097 C7 53 40         [ 1]  216 	ld	0x5340, a
      00009A 20 05            [ 2]  217 	jra	00104$
      00009C                        218 00102$:
                                    219 ;	./../../lib/src/stm8s_tim4.c: 191: TIM4->CR1 &= (uint8_t)(~TIM4_CR1_OPM);
      00009C A4 F7            [ 1]  220 	and	a, #0xf7
      00009E C7 53 40         [ 1]  221 	ld	0x5340, a
      0000A1                        222 00104$:
                                    223 ;	./../../lib/src/stm8s_tim4.c: 193: }
      0000A1 84               [ 1]  224 	pop	a
      0000A2 81               [ 4]  225 	ret
                                    226 ;	./../../lib/src/stm8s_tim4.c: 215: void TIM4_PrescalerConfig(TIM4_Prescaler_TypeDef Prescaler, TIM4_PSCReloadMode_TypeDef TIM4_PSCReloadMode)
                                    227 ;	-----------------------------------------
                                    228 ;	 function TIM4_PrescalerConfig
                                    229 ;	-----------------------------------------
      0000A3                        230 _TIM4_PrescalerConfig:
                                    231 ;	./../../lib/src/stm8s_tim4.c: 222: TIM4->PSCR = (uint8_t)Prescaler;
      0000A3 C7 53 45         [ 1]  232 	ld	0x5345, a
                                    233 ;	./../../lib/src/stm8s_tim4.c: 225: TIM4->EGR = (uint8_t)TIM4_PSCReloadMode;
      0000A6 7B 03            [ 1]  234 	ld	a, (0x03, sp)
      0000A8 C7 53 43         [ 1]  235 	ld	0x5343, a
                                    236 ;	./../../lib/src/stm8s_tim4.c: 226: }
      0000AB 85               [ 2]  237 	popw	x
      0000AC 84               [ 1]  238 	pop	a
      0000AD FC               [ 2]  239 	jp	(x)
                                    240 ;	./../../lib/src/stm8s_tim4.c: 234: void TIM4_ARRPreloadConfig(FunctionalState NewState)
                                    241 ;	-----------------------------------------
                                    242 ;	 function TIM4_ARRPreloadConfig
                                    243 ;	-----------------------------------------
      0000AE                        244 _TIM4_ARRPreloadConfig:
      0000AE 88               [ 1]  245 	push	a
      0000AF 6B 01            [ 1]  246 	ld	(0x01, sp), a
                                    247 ;	./../../lib/src/stm8s_tim4.c: 242: TIM4->CR1 |= TIM4_CR1_ARPE;
      0000B1 C6 53 40         [ 1]  248 	ld	a, 0x5340
                                    249 ;	./../../lib/src/stm8s_tim4.c: 240: if (NewState != DISABLE)
      0000B4 0D 01            [ 1]  250 	tnz	(0x01, sp)
      0000B6 27 07            [ 1]  251 	jreq	00102$
                                    252 ;	./../../lib/src/stm8s_tim4.c: 242: TIM4->CR1 |= TIM4_CR1_ARPE;
      0000B8 AA 80            [ 1]  253 	or	a, #0x80
      0000BA C7 53 40         [ 1]  254 	ld	0x5340, a
      0000BD 20 05            [ 2]  255 	jra	00104$
      0000BF                        256 00102$:
                                    257 ;	./../../lib/src/stm8s_tim4.c: 246: TIM4->CR1 &= (uint8_t)(~TIM4_CR1_ARPE);
      0000BF A4 7F            [ 1]  258 	and	a, #0x7f
      0000C1 C7 53 40         [ 1]  259 	ld	0x5340, a
      0000C4                        260 00104$:
                                    261 ;	./../../lib/src/stm8s_tim4.c: 248: }
      0000C4 84               [ 1]  262 	pop	a
      0000C5 81               [ 4]  263 	ret
                                    264 ;	./../../lib/src/stm8s_tim4.c: 257: void TIM4_GenerateEvent(TIM4_EventSource_TypeDef TIM4_EventSource)
                                    265 ;	-----------------------------------------
                                    266 ;	 function TIM4_GenerateEvent
                                    267 ;	-----------------------------------------
      0000C6                        268 _TIM4_GenerateEvent:
                                    269 ;	./../../lib/src/stm8s_tim4.c: 263: TIM4->EGR = (uint8_t)(TIM4_EventSource);
      0000C6 C7 53 43         [ 1]  270 	ld	0x5343, a
                                    271 ;	./../../lib/src/stm8s_tim4.c: 264: }
      0000C9 81               [ 4]  272 	ret
                                    273 ;	./../../lib/src/stm8s_tim4.c: 272: void TIM4_SetCounter(uint8_t Counter)
                                    274 ;	-----------------------------------------
                                    275 ;	 function TIM4_SetCounter
                                    276 ;	-----------------------------------------
      0000CA                        277 _TIM4_SetCounter:
                                    278 ;	./../../lib/src/stm8s_tim4.c: 275: TIM4->CNTR = (uint8_t)(Counter);
      0000CA C7 53 44         [ 1]  279 	ld	0x5344, a
                                    280 ;	./../../lib/src/stm8s_tim4.c: 276: }
      0000CD 81               [ 4]  281 	ret
                                    282 ;	./../../lib/src/stm8s_tim4.c: 284: void TIM4_SetAutoreload(uint8_t Autoreload)
                                    283 ;	-----------------------------------------
                                    284 ;	 function TIM4_SetAutoreload
                                    285 ;	-----------------------------------------
      0000CE                        286 _TIM4_SetAutoreload:
                                    287 ;	./../../lib/src/stm8s_tim4.c: 287: TIM4->ARR = (uint8_t)(Autoreload);
      0000CE C7 53 46         [ 1]  288 	ld	0x5346, a
                                    289 ;	./../../lib/src/stm8s_tim4.c: 288: }
      0000D1 81               [ 4]  290 	ret
                                    291 ;	./../../lib/src/stm8s_tim4.c: 295: uint8_t TIM4_GetCounter(void)
                                    292 ;	-----------------------------------------
                                    293 ;	 function TIM4_GetCounter
                                    294 ;	-----------------------------------------
      0000D2                        295 _TIM4_GetCounter:
                                    296 ;	./../../lib/src/stm8s_tim4.c: 298: return (uint8_t)(TIM4->CNTR);
      0000D2 C6 53 44         [ 1]  297 	ld	a, 0x5344
                                    298 ;	./../../lib/src/stm8s_tim4.c: 299: }
      0000D5 81               [ 4]  299 	ret
                                    300 ;	./../../lib/src/stm8s_tim4.c: 306: TIM4_Prescaler_TypeDef TIM4_GetPrescaler(void)
                                    301 ;	-----------------------------------------
                                    302 ;	 function TIM4_GetPrescaler
                                    303 ;	-----------------------------------------
      0000D6                        304 _TIM4_GetPrescaler:
                                    305 ;	./../../lib/src/stm8s_tim4.c: 309: return (TIM4_Prescaler_TypeDef)(TIM4->PSCR);
      0000D6 C6 53 45         [ 1]  306 	ld	a, 0x5345
                                    307 ;	./../../lib/src/stm8s_tim4.c: 310: }
      0000D9 81               [ 4]  308 	ret
                                    309 ;	./../../lib/src/stm8s_tim4.c: 319: FlagStatus TIM4_GetFlagStatus(TIM4_FLAG_TypeDef TIM4_FLAG)
                                    310 ;	-----------------------------------------
                                    311 ;	 function TIM4_GetFlagStatus
                                    312 ;	-----------------------------------------
      0000DA                        313 _TIM4_GetFlagStatus:
      0000DA 97               [ 1]  314 	ld	xl, a
                                    315 ;	./../../lib/src/stm8s_tim4.c: 326: if ((TIM4->SR1 & (uint8_t)TIM4_FLAG)  != 0)
      0000DB C6 53 42         [ 1]  316 	ld	a, 0x5342
      0000DE 89               [ 2]  317 	pushw	x
      0000DF 14 02            [ 1]  318 	and	a, (2, sp)
      0000E1 85               [ 2]  319 	popw	x
      0000E2 4D               [ 1]  320 	tnz	a
      0000E3 27 03            [ 1]  321 	jreq	00102$
                                    322 ;	./../../lib/src/stm8s_tim4.c: 328: bitstatus = SET;
      0000E5 A6 01            [ 1]  323 	ld	a, #0x01
      0000E7 81               [ 4]  324 	ret
      0000E8                        325 00102$:
                                    326 ;	./../../lib/src/stm8s_tim4.c: 332: bitstatus = RESET;
      0000E8 4F               [ 1]  327 	clr	a
                                    328 ;	./../../lib/src/stm8s_tim4.c: 334: return ((FlagStatus)bitstatus);
                                    329 ;	./../../lib/src/stm8s_tim4.c: 335: }
      0000E9 81               [ 4]  330 	ret
                                    331 ;	./../../lib/src/stm8s_tim4.c: 344: void TIM4_ClearFlag(TIM4_FLAG_TypeDef TIM4_FLAG)
                                    332 ;	-----------------------------------------
                                    333 ;	 function TIM4_ClearFlag
                                    334 ;	-----------------------------------------
      0000EA                        335 _TIM4_ClearFlag:
                                    336 ;	./../../lib/src/stm8s_tim4.c: 350: TIM4->SR1 = (uint8_t)(~TIM4_FLAG);
      0000EA 43               [ 1]  337 	cpl	a
      0000EB C7 53 42         [ 1]  338 	ld	0x5342, a
                                    339 ;	./../../lib/src/stm8s_tim4.c: 351: }
      0000EE 81               [ 4]  340 	ret
                                    341 ;	./../../lib/src/stm8s_tim4.c: 360: ITStatus TIM4_GetITStatus(TIM4_IT_TypeDef TIM4_IT)
                                    342 ;	-----------------------------------------
                                    343 ;	 function TIM4_GetITStatus
                                    344 ;	-----------------------------------------
      0000EF                        345 _TIM4_GetITStatus:
      0000EF 52 02            [ 2]  346 	sub	sp, #2
      0000F1 97               [ 1]  347 	ld	xl, a
                                    348 ;	./../../lib/src/stm8s_tim4.c: 369: itstatus = (uint8_t)(TIM4->SR1 & (uint8_t)TIM4_IT);
      0000F2 C6 53 42         [ 1]  349 	ld	a, 0x5342
      0000F5 41               [ 1]  350 	exg	a, xl
      0000F6 6B 01            [ 1]  351 	ld	(0x01, sp), a
      0000F8 41               [ 1]  352 	exg	a, xl
      0000F9 14 01            [ 1]  353 	and	a, (0x01, sp)
      0000FB 6B 02            [ 1]  354 	ld	(0x02, sp), a
                                    355 ;	./../../lib/src/stm8s_tim4.c: 371: itenable = (uint8_t)(TIM4->IER & (uint8_t)TIM4_IT);
      0000FD C6 53 41         [ 1]  356 	ld	a, 0x5341
      000100 14 01            [ 1]  357 	and	a, (0x01, sp)
                                    358 ;	./../../lib/src/stm8s_tim4.c: 373: if ((itstatus != (uint8_t)RESET ) && (itenable != (uint8_t)RESET ))
      000102 0D 02            [ 1]  359 	tnz	(0x02, sp)
      000104 27 06            [ 1]  360 	jreq	00102$
      000106 4D               [ 1]  361 	tnz	a
      000107 27 03            [ 1]  362 	jreq	00102$
                                    363 ;	./../../lib/src/stm8s_tim4.c: 375: bitstatus = (ITStatus)SET;
      000109 A6 01            [ 1]  364 	ld	a, #0x01
                                    365 ;	./../../lib/src/stm8s_tim4.c: 379: bitstatus = (ITStatus)RESET;
      00010B 21                     366 	.byte 0x21
      00010C                        367 00102$:
      00010C 4F               [ 1]  368 	clr	a
      00010D                        369 00103$:
                                    370 ;	./../../lib/src/stm8s_tim4.c: 381: return ((ITStatus)bitstatus);
                                    371 ;	./../../lib/src/stm8s_tim4.c: 382: }
      00010D 5B 02            [ 2]  372 	addw	sp, #2
      00010F 81               [ 4]  373 	ret
                                    374 ;	./../../lib/src/stm8s_tim4.c: 391: void TIM4_ClearITPendingBit(TIM4_IT_TypeDef TIM4_IT)
                                    375 ;	-----------------------------------------
                                    376 ;	 function TIM4_ClearITPendingBit
                                    377 ;	-----------------------------------------
      000110                        378 _TIM4_ClearITPendingBit:
                                    379 ;	./../../lib/src/stm8s_tim4.c: 397: TIM4->SR1 = (uint8_t)(~TIM4_IT);
      000110 43               [ 1]  380 	cpl	a
      000111 C7 53 42         [ 1]  381 	ld	0x5342, a
                                    382 ;	./../../lib/src/stm8s_tim4.c: 398: }
      000114 81               [ 4]  383 	ret
                                    384 	.area CODE
                                    385 	.area CONST
                                    386 	.area INITIALIZER
                                    387 	.area CABS (ABS)
